<?xml version="1.0" encoding="UTF-8"?>
<robot generator="Robot 3.2.2 (Python 3.8.5 on win32)" generated="20210116 12:24:17.898" rpa="false">
<suite id="s1" name="TestCases" source="C:\Users\user\Desktop\Vsgit\Assignment13.1_RF_Flipkart\TestsBook\TestCases.robot">
<test id="s1-t1" name="User should be able to Land on Flipkart Page">
<kw name="Open Flipkart" library="testinstructions">
<kw name="Open Browser" library="SeleniumLibrary">
<doc>Opens a new browser instance to the optional ``url``.</doc>
<arguments>
<arg>${url_flipkart}</arg>
<arg>${brows}</arg>
</arguments>
<msg timestamp="20210116 12:24:18.139" level="INFO">Opening browser 'gc' to base url 'https://www.flipkart.com/'.</msg>
<status status="PASS" starttime="20210116 12:24:18.138" endtime="20210116 12:24:24.039"></status>
</kw>
<kw name="Maximize Browser Window" library="SeleniumLibrary">
<doc>Maximizes current browser window.</doc>
<status status="PASS" starttime="20210116 12:24:24.039" endtime="20210116 12:24:26.186"></status>
</kw>
<kw name="Sleep" library="BuiltIn">
<doc>Pauses the test executed for the given time.</doc>
<arguments>
<arg>4s</arg>
</arguments>
<msg timestamp="20210116 12:24:30.189" level="INFO">Slept 4 seconds</msg>
<status status="PASS" starttime="20210116 12:24:26.186" endtime="20210116 12:24:30.189"></status>
</kw>
<kw name="Log To Console" library="BuiltIn">
<doc>Logs the given message to the console.</doc>
<arguments>
<arg>Step1</arg>
</arguments>
<status status="PASS" starttime="20210116 12:24:30.189" endtime="20210116 12:24:30.190"></status>
</kw>
<status status="PASS" starttime="20210116 12:24:18.138" endtime="20210116 12:24:30.191"></status>
</kw>
<kw name="Login in Flipkart" library="testinstructions">
<kw name="Set Variable" library="BuiltIn">
<doc>Returns the given values which can then be assigned to a variables.</doc>
<arguments>
<arg>xpath=//input[@class='_2IX_2- VJZDxU']</arg>
</arguments>
<assign>
<var>${Phone_Number}</var>
</assign>
<msg timestamp="20210116 12:24:30.192" level="INFO">${Phone_Number} = xpath=//input[@class='_2IX_2- VJZDxU']</msg>
<status status="PASS" starttime="20210116 12:24:30.192" endtime="20210116 12:24:30.192"></status>
</kw>
<kw name="Input Text" library="SeleniumLibrary">
<doc>Types the given ``text`` into the text field identified by ``locator``.</doc>
<arguments>
<arg>${Phone_Number}</arg>
<arg>${number}</arg>
</arguments>
<msg timestamp="20210116 12:24:30.192" level="INFO">Typing text '9664048331' into text field 'xpath=//input[@class='_2IX_2- VJZDxU']'.</msg>
<status status="PASS" starttime="20210116 12:24:30.192" endtime="20210116 12:24:30.338"></status>
</kw>
<kw name="Set Variable" library="BuiltIn">
<doc>Returns the given values which can then be assigned to a variables.</doc>
<arguments>
<arg>xpath=//input[@class='_2IX_2- _3mctLh VJZDxU']</arg>
</arguments>
<assign>
<var>${Password}</var>
</assign>
<msg timestamp="20210116 12:24:30.339" level="INFO">${Password} = xpath=//input[@class='_2IX_2- _3mctLh VJZDxU']</msg>
<status status="PASS" starttime="20210116 12:24:30.338" endtime="20210116 12:24:30.339"></status>
</kw>
<kw name="Input Text" library="SeleniumLibrary">
<doc>Types the given ``text`` into the text field identified by ``locator``.</doc>
<arguments>
<arg>${Password}</arg>
<arg>${pass}</arg>
</arguments>
<msg timestamp="20210116 12:24:30.339" level="INFO">Typing text 'truptiflip06' into text field 'xpath=//input[@class='_2IX_2- _3mctLh VJZDxU']'.</msg>
<status status="PASS" starttime="20210116 12:24:30.339" endtime="20210116 12:24:30.481"></status>
</kw>
<kw name="Click Element" library="SeleniumLibrary">
<doc>Click the element identified by ``locator``.</doc>
<arguments>
<arg>xpath=//div[@class="_1D1L_j"]/button</arg>
</arguments>
<msg timestamp="20210116 12:24:30.482" level="INFO">Clicking element 'xpath=//div[@class="_1D1L_j"]/button'.</msg>
<status status="PASS" starttime="20210116 12:24:30.482" endtime="20210116 12:24:30.555"></status>
</kw>
<kw name="Log To Console" library="BuiltIn">
<doc>Logs the given message to the console.</doc>
<arguments>
<arg>Step2</arg>
</arguments>
<status status="PASS" starttime="20210116 12:24:30.555" endtime="20210116 12:24:30.556"></status>
</kw>
<status status="PASS" starttime="20210116 12:24:30.191" endtime="20210116 12:24:30.556"></status>
</kw>
<tags>
<tag>sanity</tag>
</tags>
<status status="PASS" starttime="20210116 12:24:18.136" endtime="20210116 12:24:30.557" critical="yes"></status>
</test>
<test id="s1-t2" name="Scenario 1: Selecting device of any electronics accessories and adding to Cart">
<kw name="Navigate to category 'Electronics'" library="testinstructions">
<kw name="Get Element Count" library="SeleniumLibrary">
<doc>Returns the number of elements matching ``locator``.</doc>
<arguments>
<arg>xpath=//div[@class='_1kidPb']/span</arg>
</arguments>
<assign>
<var>${category_count}</var>
</assign>
<msg timestamp="20210116 12:24:30.601" level="INFO">${category_count} = 7</msg>
<status status="PASS" starttime="20210116 12:24:30.578" endtime="20210116 12:24:30.601"></status>
</kw>
<kw name="Sleep" library="BuiltIn">
<doc>Pauses the test executed for the given time.</doc>
<arguments>
<arg>3s</arg>
</arguments>
<msg timestamp="20210116 12:24:33.604" level="INFO">Slept 3 seconds</msg>
<status status="PASS" starttime="20210116 12:24:30.602" endtime="20210116 12:24:33.604"></status>
</kw>
<kw name="${i} IN RANGE [ 1 | ${category_count} ]" type="for">
<kw name="${i} = 1" type="foritem">
<kw name="Get Text" library="SeleniumLibrary">
<doc>Returns the text value of the element identified by ``locator``.</doc>
<arguments>
<arg>xpath=//div[@class='_1kidPb']/span[${i}]</arg>
</arguments>
<assign>
<var>${dynamic_categ_name}</var>
</assign>
<msg timestamp="20210116 12:24:33.673" level="INFO">${dynamic_categ_name} = Electronics</msg>
<status status="PASS" starttime="20210116 12:24:33.606" endtime="20210116 12:24:33.674"></status>
</kw>
<kw name="Exit For Loop If" library="BuiltIn">
<doc>Stops executing the enclosing for loop if the ``condition`` is true.</doc>
<arguments>
<arg>"${dynamic_categ_name}" == "${Item_category}"</arg>
</arguments>
<msg timestamp="20210116 12:24:33.675" level="INFO">Exiting for loop altogether.</msg>
<status status="PASS" starttime="20210116 12:24:33.674" endtime="20210116 12:24:33.675"></status>
</kw>
<status status="PASS" starttime="20210116 12:24:33.605" endtime="20210116 12:24:33.675"></status>
</kw>
<status status="PASS" starttime="20210116 12:24:33.605" endtime="20210116 12:24:33.675"></status>
</kw>
<kw name="Mouse Over" library="SeleniumLibrary">
<doc>Simulates hovering the mouse over the element ``locator``.</doc>
<arguments>
<arg>xpath=//div[@class='_1kidPb']/span[${i}]</arg>
</arguments>
<msg timestamp="20210116 12:24:33.676" level="INFO">Simulating Mouse Over on element 'xpath=//div[@class='_1kidPb']/span[1]'.</msg>
<status status="PASS" starttime="20210116 12:24:33.675" endtime="20210116 12:24:34.000"></status>
</kw>
<kw name="Log To Console" library="BuiltIn">
<doc>Logs the given message to the console.</doc>
<arguments>
<arg>Step3</arg>
</arguments>
<status status="PASS" starttime="20210116 12:24:34.000" endtime="20210116 12:24:34.001"></status>
</kw>
<status status="PASS" starttime="20210116 12:24:30.577" endtime="20210116 12:24:34.002"></status>
</kw>
<kw name="Search and select for the sub category" library="testinstructions">
<kw name="Get Element Count" library="SeleniumLibrary">
<doc>Returns the number of elements matching ``locator``.</doc>
<arguments>
<arg>xpath=//div[@class='_1fwVde'][1]/a</arg>
</arguments>
<assign>
<var>${sub_list}</var>
</assign>
<msg timestamp="20210116 12:24:34.028" level="INFO">${sub_list} = 18</msg>
<status status="PASS" starttime="20210116 12:24:34.003" endtime="20210116 12:24:34.028"></status>
</kw>
<kw name="${j} IN RANGE [ 2 | ${sub_list} ]" type="for">
<kw name="${j} = 2" type="foritem">
<kw name="Get Text" library="SeleniumLibrary">
<doc>Returns the text value of the element identified by ``locator``.</doc>
<arguments>
<arg>xpath=//div[@class='_1fwVde'][1]/a[${j}]</arg>
</arguments>
<assign>
<var>${sub_names}</var>
</assign>
<msg timestamp="20210116 12:24:34.060" level="INFO">${sub_names} = Mi</msg>
<status status="PASS" starttime="20210116 12:24:34.029" endtime="20210116 12:24:34.060"></status>
</kw>
<kw name="Exit For Loop If" library="BuiltIn">
<doc>Stops executing the enclosing for loop if the ``condition`` is true.</doc>
<arguments>
<arg>"${sub_names}" == "${Item_subCat_Name}"</arg>
</arguments>
<status status="PASS" starttime="20210116 12:24:34.060" endtime="20210116 12:24:34.061"></status>
</kw>
<status status="PASS" starttime="20210116 12:24:34.028" endtime="20210116 12:24:34.061"></status>
</kw>
<kw name="${j} = 3" type="foritem">
<kw name="Get Text" library="SeleniumLibrary">
<doc>Returns the text value of the element identified by ``locator``.</doc>
<arguments>
<arg>xpath=//div[@class='_1fwVde'][1]/a[${j}]</arg>
</arguments>
<assign>
<var>${sub_names}</var>
</assign>
<msg timestamp="20210116 12:24:34.085" level="INFO">${sub_names} = Realme</msg>
<status status="PASS" starttime="20210116 12:24:34.061" endtime="20210116 12:24:34.085"></status>
</kw>
<kw name="Exit For Loop If" library="BuiltIn">
<doc>Stops executing the enclosing for loop if the ``condition`` is true.</doc>
<arguments>
<arg>"${sub_names}" == "${Item_subCat_Name}"</arg>
</arguments>
<status status="PASS" starttime="20210116 12:24:34.085" endtime="20210116 12:24:34.086"></status>
</kw>
<status status="PASS" starttime="20210116 12:24:34.061" endtime="20210116 12:24:34.086"></status>
</kw>
<kw name="${j} = 4" type="foritem">
<kw name="Get Text" library="SeleniumLibrary">
<doc>Returns the text value of the element identified by ``locator``.</doc>
<arguments>
<arg>xpath=//div[@class='_1fwVde'][1]/a[${j}]</arg>
</arguments>
<assign>
<var>${sub_names}</var>
</assign>
<msg timestamp="20210116 12:24:34.110" level="INFO">${sub_names} = Samsung</msg>
<status status="PASS" starttime="20210116 12:24:34.086" endtime="20210116 12:24:34.110"></status>
</kw>
<kw name="Exit For Loop If" library="BuiltIn">
<doc>Stops executing the enclosing for loop if the ``condition`` is true.</doc>
<arguments>
<arg>"${sub_names}" == "${Item_subCat_Name}"</arg>
</arguments>
<status status="PASS" starttime="20210116 12:24:34.110" endtime="20210116 12:24:34.111"></status>
</kw>
<status status="PASS" starttime="20210116 12:24:34.086" endtime="20210116 12:24:34.111"></status>
</kw>
<kw name="${j} = 5" type="foritem">
<kw name="Get Text" library="SeleniumLibrary">
<doc>Returns the text value of the element identified by ``locator``.</doc>
<arguments>
<arg>xpath=//div[@class='_1fwVde'][1]/a[${j}]</arg>
</arguments>
<assign>
<var>${sub_names}</var>
</assign>
<msg timestamp="20210116 12:24:34.135" level="INFO">${sub_names} = Infinix</msg>
<status status="PASS" starttime="20210116 12:24:34.111" endtime="20210116 12:24:34.135"></status>
</kw>
<kw name="Exit For Loop If" library="BuiltIn">
<doc>Stops executing the enclosing for loop if the ``condition`` is true.</doc>
<arguments>
<arg>"${sub_names}" == "${Item_subCat_Name}"</arg>
</arguments>
<status status="PASS" starttime="20210116 12:24:34.136" endtime="20210116 12:24:34.136"></status>
</kw>
<status status="PASS" starttime="20210116 12:24:34.111" endtime="20210116 12:24:34.136"></status>
</kw>
<kw name="${j} = 6" type="foritem">
<kw name="Get Text" library="SeleniumLibrary">
<doc>Returns the text value of the element identified by ``locator``.</doc>
<arguments>
<arg>xpath=//div[@class='_1fwVde'][1]/a[${j}]</arg>
</arguments>
<assign>
<var>${sub_names}</var>
</assign>
<msg timestamp="20210116 12:24:34.160" level="INFO">${sub_names} = OPPO</msg>
<status status="PASS" starttime="20210116 12:24:34.136" endtime="20210116 12:24:34.160"></status>
</kw>
<kw name="Exit For Loop If" library="BuiltIn">
<doc>Stops executing the enclosing for loop if the ``condition`` is true.</doc>
<arguments>
<arg>"${sub_names}" == "${Item_subCat_Name}"</arg>
</arguments>
<status status="PASS" starttime="20210116 12:24:34.160" endtime="20210116 12:24:34.160"></status>
</kw>
<status status="PASS" starttime="20210116 12:24:34.136" endtime="20210116 12:24:34.161"></status>
</kw>
<kw name="${j} = 7" type="foritem">
<kw name="Get Text" library="SeleniumLibrary">
<doc>Returns the text value of the element identified by ``locator``.</doc>
<arguments>
<arg>xpath=//div[@class='_1fwVde'][1]/a[${j}]</arg>
</arguments>
<assign>
<var>${sub_names}</var>
</assign>
<msg timestamp="20210116 12:24:34.185" level="INFO">${sub_names} = Apple</msg>
<status status="PASS" starttime="20210116 12:24:34.161" endtime="20210116 12:24:34.185"></status>
</kw>
<kw name="Exit For Loop If" library="BuiltIn">
<doc>Stops executing the enclosing for loop if the ``condition`` is true.</doc>
<arguments>
<arg>"${sub_names}" == "${Item_subCat_Name}"</arg>
</arguments>
<status status="PASS" starttime="20210116 12:24:34.185" endtime="20210116 12:24:34.186"></status>
</kw>
<status status="PASS" starttime="20210116 12:24:34.161" endtime="20210116 12:24:34.186"></status>
</kw>
<kw name="${j} = 8" type="foritem">
<kw name="Get Text" library="SeleniumLibrary">
<doc>Returns the text value of the element identified by ``locator``.</doc>
<arguments>
<arg>xpath=//div[@class='_1fwVde'][1]/a[${j}]</arg>
</arguments>
<assign>
<var>${sub_names}</var>
</assign>
<msg timestamp="20210116 12:24:34.210" level="INFO">${sub_names} = Vivo</msg>
<status status="PASS" starttime="20210116 12:24:34.186" endtime="20210116 12:24:34.210"></status>
</kw>
<kw name="Exit For Loop If" library="BuiltIn">
<doc>Stops executing the enclosing for loop if the ``condition`` is true.</doc>
<arguments>
<arg>"${sub_names}" == "${Item_subCat_Name}"</arg>
</arguments>
<status status="PASS" starttime="20210116 12:24:34.210" endtime="20210116 12:24:34.211"></status>
</kw>
<status status="PASS" starttime="20210116 12:24:34.186" endtime="20210116 12:24:34.211"></status>
</kw>
<kw name="${j} = 9" type="foritem">
<kw name="Get Text" library="SeleniumLibrary">
<doc>Returns the text value of the element identified by ``locator``.</doc>
<arguments>
<arg>xpath=//div[@class='_1fwVde'][1]/a[${j}]</arg>
</arguments>
<assign>
<var>${sub_names}</var>
</assign>
<msg timestamp="20210116 12:24:34.234" level="INFO">${sub_names} = Honor</msg>
<status status="PASS" starttime="20210116 12:24:34.211" endtime="20210116 12:24:34.234"></status>
</kw>
<kw name="Exit For Loop If" library="BuiltIn">
<doc>Stops executing the enclosing for loop if the ``condition`` is true.</doc>
<arguments>
<arg>"${sub_names}" == "${Item_subCat_Name}"</arg>
</arguments>
<status status="PASS" starttime="20210116 12:24:34.234" endtime="20210116 12:24:34.235"></status>
</kw>
<status status="PASS" starttime="20210116 12:24:34.211" endtime="20210116 12:24:34.235"></status>
</kw>
<kw name="${j} = 10" type="foritem">
<kw name="Get Text" library="SeleniumLibrary">
<doc>Returns the text value of the element identified by ``locator``.</doc>
<arguments>
<arg>xpath=//div[@class='_1fwVde'][1]/a[${j}]</arg>
</arguments>
<assign>
<var>${sub_names}</var>
</assign>
<msg timestamp="20210116 12:24:34.259" level="INFO">${sub_names} = Asus</msg>
<status status="PASS" starttime="20210116 12:24:34.235" endtime="20210116 12:24:34.259"></status>
</kw>
<kw name="Exit For Loop If" library="BuiltIn">
<doc>Stops executing the enclosing for loop if the ``condition`` is true.</doc>
<arguments>
<arg>"${sub_names}" == "${Item_subCat_Name}"</arg>
</arguments>
<status status="PASS" starttime="20210116 12:24:34.259" endtime="20210116 12:24:34.259"></status>
</kw>
<status status="PASS" starttime="20210116 12:24:34.235" endtime="20210116 12:24:34.259"></status>
</kw>
<kw name="${j} = 11" type="foritem">
<kw name="Get Text" library="SeleniumLibrary">
<doc>Returns the text value of the element identified by ``locator``.</doc>
<arguments>
<arg>xpath=//div[@class='_1fwVde'][1]/a[${j}]</arg>
</arguments>
<assign>
<var>${sub_names}</var>
</assign>
<msg timestamp="20210116 12:24:34.297" level="INFO">${sub_names} = Poco X2</msg>
<status status="PASS" starttime="20210116 12:24:34.260" endtime="20210116 12:24:34.297"></status>
</kw>
<kw name="Exit For Loop If" library="BuiltIn">
<doc>Stops executing the enclosing for loop if the ``condition`` is true.</doc>
<arguments>
<arg>"${sub_names}" == "${Item_subCat_Name}"</arg>
</arguments>
<status status="PASS" starttime="20210116 12:24:34.297" endtime="20210116 12:24:34.298"></status>
</kw>
<status status="PASS" starttime="20210116 12:24:34.260" endtime="20210116 12:24:34.298"></status>
</kw>
<kw name="${j} = 12" type="foritem">
<kw name="Get Text" library="SeleniumLibrary">
<doc>Returns the text value of the element identified by ``locator``.</doc>
<arguments>
<arg>xpath=//div[@class='_1fwVde'][1]/a[${j}]</arg>
</arguments>
<assign>
<var>${sub_names}</var>
</assign>
<msg timestamp="20210116 12:24:34.324" level="INFO">${sub_names} = realme Narzo 10</msg>
<status status="PASS" starttime="20210116 12:24:34.298" endtime="20210116 12:24:34.324"></status>
</kw>
<kw name="Exit For Loop If" library="BuiltIn">
<doc>Stops executing the enclosing for loop if the ``condition`` is true.</doc>
<arguments>
<arg>"${sub_names}" == "${Item_subCat_Name}"</arg>
</arguments>
<status status="PASS" starttime="20210116 12:24:34.324" endtime="20210116 12:24:34.325"></status>
</kw>
<status status="PASS" starttime="20210116 12:24:34.298" endtime="20210116 12:24:34.325"></status>
</kw>
<kw name="${j} = 13" type="foritem">
<kw name="Get Text" library="SeleniumLibrary">
<doc>Returns the text value of the element identified by ``locator``.</doc>
<arguments>
<arg>xpath=//div[@class='_1fwVde'][1]/a[${j}]</arg>
</arguments>
<assign>
<var>${sub_names}</var>
</assign>
<msg timestamp="20210116 12:24:34.349" level="INFO">${sub_names} = Infinix Hot 9</msg>
<status status="PASS" starttime="20210116 12:24:34.325" endtime="20210116 12:24:34.349"></status>
</kw>
<kw name="Exit For Loop If" library="BuiltIn">
<doc>Stops executing the enclosing for loop if the ``condition`` is true.</doc>
<arguments>
<arg>"${sub_names}" == "${Item_subCat_Name}"</arg>
</arguments>
<status status="PASS" starttime="20210116 12:24:34.349" endtime="20210116 12:24:34.350"></status>
</kw>
<status status="PASS" starttime="20210116 12:24:34.325" endtime="20210116 12:24:34.350"></status>
</kw>
<kw name="${j} = 14" type="foritem">
<kw name="Get Text" library="SeleniumLibrary">
<doc>Returns the text value of the element identified by ``locator``.</doc>
<arguments>
<arg>xpath=//div[@class='_1fwVde'][1]/a[${j}]</arg>
</arguments>
<assign>
<var>${sub_names}</var>
</assign>
<msg timestamp="20210116 12:24:34.373" level="INFO">${sub_names} = IQOO 3</msg>
<status status="PASS" starttime="20210116 12:24:34.350" endtime="20210116 12:24:34.373"></status>
</kw>
<kw name="Exit For Loop If" library="BuiltIn">
<doc>Stops executing the enclosing for loop if the ``condition`` is true.</doc>
<arguments>
<arg>"${sub_names}" == "${Item_subCat_Name}"</arg>
</arguments>
<status status="PASS" starttime="20210116 12:24:34.373" endtime="20210116 12:24:34.373"></status>
</kw>
<status status="PASS" starttime="20210116 12:24:34.350" endtime="20210116 12:24:34.373"></status>
</kw>
<kw name="${j} = 15" type="foritem">
<kw name="Get Text" library="SeleniumLibrary">
<doc>Returns the text value of the element identified by ``locator``.</doc>
<arguments>
<arg>xpath=//div[@class='_1fwVde'][1]/a[${j}]</arg>
</arguments>
<assign>
<var>${sub_names}</var>
</assign>
<msg timestamp="20210116 12:24:34.397" level="INFO">${sub_names} = iPhone SE</msg>
<status status="PASS" starttime="20210116 12:24:34.374" endtime="20210116 12:24:34.397"></status>
</kw>
<kw name="Exit For Loop If" library="BuiltIn">
<doc>Stops executing the enclosing for loop if the ``condition`` is true.</doc>
<arguments>
<arg>"${sub_names}" == "${Item_subCat_Name}"</arg>
</arguments>
<msg timestamp="20210116 12:24:34.398" level="INFO">Exiting for loop altogether.</msg>
<status status="PASS" starttime="20210116 12:24:34.398" endtime="20210116 12:24:34.398"></status>
</kw>
<status status="PASS" starttime="20210116 12:24:34.373" endtime="20210116 12:24:34.398"></status>
</kw>
<status status="PASS" starttime="20210116 12:24:34.028" endtime="20210116 12:24:34.398"></status>
</kw>
<kw name="Click Element" library="SeleniumLibrary">
<doc>Click the element identified by ``locator``.</doc>
<arguments>
<arg>xpath=//div[@class='_1fwVde'][1]/a[${j}]</arg>
</arguments>
<msg timestamp="20210116 12:24:34.399" level="INFO">Clicking element 'xpath=//div[@class='_1fwVde'][1]/a[15]'.</msg>
<status status="PASS" starttime="20210116 12:24:34.398" endtime="20210116 12:24:34.462"></status>
</kw>
<kw name="Log To Console" library="BuiltIn">
<doc>Logs the given message to the console.</doc>
<arguments>
<arg>Step4</arg>
</arguments>
<status status="PASS" starttime="20210116 12:24:34.463" endtime="20210116 12:24:34.465"></status>
</kw>
<status status="PASS" starttime="20210116 12:24:34.003" endtime="20210116 12:24:34.465"></status>
</kw>
<kw name="Select desire device from list" library="testinstructions">
<kw name="Sleep" library="BuiltIn">
<doc>Pauses the test executed for the given time.</doc>
<arguments>
<arg>4s</arg>
</arguments>
<msg timestamp="20210116 12:24:38.468" level="INFO">Slept 4 seconds</msg>
<status status="PASS" starttime="20210116 12:24:34.466" endtime="20210116 12:24:38.468"></status>
</kw>
<kw name="Get Element Count" library="SeleniumLibrary">
<doc>Returns the number of elements matching ``locator``.</doc>
<arguments>
<arg>xpath=//div[@class='E2-pcE _1q8tSL']/div</arg>
</arguments>
<assign>
<var>${dev_Count}</var>
</assign>
<msg timestamp="20210116 12:24:38.514" level="INFO">${dev_Count} = 21</msg>
<status status="PASS" starttime="20210116 12:24:38.470" endtime="20210116 12:24:38.514"></status>
</kw>
<kw name="Sleep" library="BuiltIn">
<doc>Pauses the test executed for the given time.</doc>
<arguments>
<arg>4s</arg>
</arguments>
<msg timestamp="20210116 12:24:42.514" level="INFO">Slept 4 seconds</msg>
<status status="PASS" starttime="20210116 12:24:38.514" endtime="20210116 12:24:42.514"></status>
</kw>
<kw name="${j} IN RANGE [ 2 | ${dev_Count} ]" type="for">
<kw name="${j} = 2" type="foritem">
<kw name="Get Text" library="SeleniumLibrary">
<doc>Returns the text value of the element identified by ``locator``.</doc>
<arguments>
<arg>xpath=//div[@class='E2-pcE _1q8tSL']/div[${j}]/div/div/div/a/div[2]/div[1]/div[1]</arg>
</arguments>
<assign>
<var>${dynamic_categ_name}</var>
</assign>
<msg timestamp="20210116 12:24:42.591" level="INFO">${dynamic_categ_name} = Apple iPhone SE (White, 64 GB) (Includes EarPods, Power Adapter)</msg>
<status status="PASS" starttime="20210116 12:24:42.516" endtime="20210116 12:24:42.591"></status>
</kw>
<kw name="Exit For Loop If" library="BuiltIn">
<doc>Stops executing the enclosing for loop if the ``condition`` is true.</doc>
<arguments>
<arg>"${dynamic_categ_name}" == "${device_Name}"</arg>
</arguments>
<status status="PASS" starttime="20210116 12:24:42.591" endtime="20210116 12:24:42.591"></status>
</kw>
<status status="PASS" starttime="20210116 12:24:42.515" endtime="20210116 12:24:42.592"></status>
</kw>
<kw name="${j} = 3" type="foritem">
<kw name="Get Text" library="SeleniumLibrary">
<doc>Returns the text value of the element identified by ``locator``.</doc>
<arguments>
<arg>xpath=//div[@class='E2-pcE _1q8tSL']/div[${j}]/div/div/div/a/div[2]/div[1]/div[1]</arg>
</arguments>
<assign>
<var>${dynamic_categ_name}</var>
</assign>
<msg timestamp="20210116 12:24:42.623" level="INFO">${dynamic_categ_name} = Apple iPhone SE (White, 128 GB) (Includes EarPods, Power Adapter)</msg>
<status status="PASS" starttime="20210116 12:24:42.592" endtime="20210116 12:24:42.623"></status>
</kw>
<kw name="Exit For Loop If" library="BuiltIn">
<doc>Stops executing the enclosing for loop if the ``condition`` is true.</doc>
<arguments>
<arg>"${dynamic_categ_name}" == "${device_Name}"</arg>
</arguments>
<status status="PASS" starttime="20210116 12:24:42.623" endtime="20210116 12:24:42.623"></status>
</kw>
<status status="PASS" starttime="20210116 12:24:42.592" endtime="20210116 12:24:42.624"></status>
</kw>
<kw name="${j} = 4" type="foritem">
<kw name="Get Text" library="SeleniumLibrary">
<doc>Returns the text value of the element identified by ``locator``.</doc>
<arguments>
<arg>xpath=//div[@class='E2-pcE _1q8tSL']/div[${j}]/div/div/div/a/div[2]/div[1]/div[1]</arg>
</arguments>
<assign>
<var>${dynamic_categ_name}</var>
</assign>
<msg timestamp="20210116 12:24:42.646" level="INFO">${dynamic_categ_name} = Apple iPhone SE (Black, 64 GB) (Includes EarPods, Power Adapter)</msg>
<status status="PASS" starttime="20210116 12:24:42.624" endtime="20210116 12:24:42.646"></status>
</kw>
<kw name="Exit For Loop If" library="BuiltIn">
<doc>Stops executing the enclosing for loop if the ``condition`` is true.</doc>
<arguments>
<arg>"${dynamic_categ_name}" == "${device_Name}"</arg>
</arguments>
<status status="PASS" starttime="20210116 12:24:42.646" endtime="20210116 12:24:42.647"></status>
</kw>
<status status="PASS" starttime="20210116 12:24:42.624" endtime="20210116 12:24:42.647"></status>
</kw>
<kw name="${j} = 5" type="foritem">
<kw name="Get Text" library="SeleniumLibrary">
<doc>Returns the text value of the element identified by ``locator``.</doc>
<arguments>
<arg>xpath=//div[@class='E2-pcE _1q8tSL']/div[${j}]/div/div/div/a/div[2]/div[1]/div[1]</arg>
</arguments>
<assign>
<var>${dynamic_categ_name}</var>
</assign>
<msg timestamp="20210116 12:24:42.668" level="INFO">${dynamic_categ_name} = Apple iPhone SE (Black, 256 GB) (Includes EarPods, Power Adapter)</msg>
<status status="PASS" starttime="20210116 12:24:42.647" endtime="20210116 12:24:42.669"></status>
</kw>
<kw name="Exit For Loop If" library="BuiltIn">
<doc>Stops executing the enclosing for loop if the ``condition`` is true.</doc>
<arguments>
<arg>"${dynamic_categ_name}" == "${device_Name}"</arg>
</arguments>
<status status="PASS" starttime="20210116 12:24:42.669" endtime="20210116 12:24:42.669"></status>
</kw>
<status status="PASS" starttime="20210116 12:24:42.647" endtime="20210116 12:24:42.669"></status>
</kw>
<kw name="${j} = 6" type="foritem">
<kw name="Get Text" library="SeleniumLibrary">
<doc>Returns the text value of the element identified by ``locator``.</doc>
<arguments>
<arg>xpath=//div[@class='E2-pcE _1q8tSL']/div[${j}]/div/div/div/a/div[2]/div[1]/div[1]</arg>
</arguments>
<assign>
<var>${dynamic_categ_name}</var>
</assign>
<msg timestamp="20210116 12:24:42.691" level="INFO">${dynamic_categ_name} = Apple iPhone SE (Red, 256 GB) (Includes EarPods, Power Adapter)</msg>
<status status="PASS" starttime="20210116 12:24:42.669" endtime="20210116 12:24:42.691"></status>
</kw>
<kw name="Exit For Loop If" library="BuiltIn">
<doc>Stops executing the enclosing for loop if the ``condition`` is true.</doc>
<arguments>
<arg>"${dynamic_categ_name}" == "${device_Name}"</arg>
</arguments>
<status status="PASS" starttime="20210116 12:24:42.691" endtime="20210116 12:24:42.692"></status>
</kw>
<status status="PASS" starttime="20210116 12:24:42.669" endtime="20210116 12:24:42.692"></status>
</kw>
<kw name="${j} = 7" type="foritem">
<kw name="Get Text" library="SeleniumLibrary">
<doc>Returns the text value of the element identified by ``locator``.</doc>
<arguments>
<arg>xpath=//div[@class='E2-pcE _1q8tSL']/div[${j}]/div/div/div/a/div[2]/div[1]/div[1]</arg>
</arguments>
<assign>
<var>${dynamic_categ_name}</var>
</assign>
<msg timestamp="20210116 12:24:42.714" level="INFO">${dynamic_categ_name} = Apple iPhone SE (White, 256 GB) (Includes EarPods, Power Adapter)</msg>
<status status="PASS" starttime="20210116 12:24:42.692" endtime="20210116 12:24:42.714"></status>
</kw>
<kw name="Exit For Loop If" library="BuiltIn">
<doc>Stops executing the enclosing for loop if the ``condition`` is true.</doc>
<arguments>
<arg>"${dynamic_categ_name}" == "${device_Name}"</arg>
</arguments>
<status status="PASS" starttime="20210116 12:24:42.715" endtime="20210116 12:24:42.715"></status>
</kw>
<status status="PASS" starttime="20210116 12:24:42.692" endtime="20210116 12:24:42.715"></status>
</kw>
<kw name="${j} = 8" type="foritem">
<kw name="Get Text" library="SeleniumLibrary">
<doc>Returns the text value of the element identified by ``locator``.</doc>
<arguments>
<arg>xpath=//div[@class='E2-pcE _1q8tSL']/div[${j}]/div/div/div/a/div[2]/div[1]/div[1]</arg>
</arguments>
<assign>
<var>${dynamic_categ_name}</var>
</assign>
<msg timestamp="20210116 12:24:42.737" level="INFO">${dynamic_categ_name} = Apple iPhone SE (Red, 128 GB)</msg>
<status status="PASS" starttime="20210116 12:24:42.715" endtime="20210116 12:24:42.737"></status>
</kw>
<kw name="Exit For Loop If" library="BuiltIn">
<doc>Stops executing the enclosing for loop if the ``condition`` is true.</doc>
<arguments>
<arg>"${dynamic_categ_name}" == "${device_Name}"</arg>
</arguments>
<status status="PASS" starttime="20210116 12:24:42.738" endtime="20210116 12:24:42.738"></status>
</kw>
<status status="PASS" starttime="20210116 12:24:42.715" endtime="20210116 12:24:42.738"></status>
</kw>
<kw name="${j} = 9" type="foritem">
<kw name="Get Text" library="SeleniumLibrary">
<doc>Returns the text value of the element identified by ``locator``.</doc>
<arguments>
<arg>xpath=//div[@class='E2-pcE _1q8tSL']/div[${j}]/div/div/div/a/div[2]/div[1]/div[1]</arg>
</arguments>
<assign>
<var>${dynamic_categ_name}</var>
</assign>
<msg timestamp="20210116 12:24:42.760" level="INFO">${dynamic_categ_name} = Apple iPhone SE (White, 128 GB)</msg>
<status status="PASS" starttime="20210116 12:24:42.738" endtime="20210116 12:24:42.760"></status>
</kw>
<kw name="Exit For Loop If" library="BuiltIn">
<doc>Stops executing the enclosing for loop if the ``condition`` is true.</doc>
<arguments>
<arg>"${dynamic_categ_name}" == "${device_Name}"</arg>
</arguments>
<msg timestamp="20210116 12:24:42.761" level="INFO">Exiting for loop altogether.</msg>
<status status="PASS" starttime="20210116 12:24:42.761" endtime="20210116 12:24:42.761"></status>
</kw>
<status status="PASS" starttime="20210116 12:24:42.738" endtime="20210116 12:24:42.761"></status>
</kw>
<status status="PASS" starttime="20210116 12:24:42.514" endtime="20210116 12:24:42.761"></status>
</kw>
<kw name="Sleep" library="BuiltIn">
<doc>Pauses the test executed for the given time.</doc>
<arguments>
<arg>3s</arg>
</arguments>
<msg timestamp="20210116 12:24:45.763" level="INFO">Slept 3 seconds</msg>
<status status="PASS" starttime="20210116 12:24:42.761" endtime="20210116 12:24:45.763"></status>
</kw>
<kw name="Click Element" library="SeleniumLibrary">
<doc>Click the element identified by ``locator``.</doc>
<arguments>
<arg>xpath=//div[@class='E2-pcE _1q8tSL']/div[${j}]/div/div/div/a/div[2]/div[1]/div[1]</arg>
</arguments>
<msg timestamp="20210116 12:24:45.765" level="INFO">Clicking element 'xpath=//div[@class='E2-pcE _1q8tSL']/div[9]/div/div/div/a/div[2]/div[1]/div[1]'.</msg>
<status status="PASS" starttime="20210116 12:24:45.764" endtime="20210116 12:24:45.973"></status>
</kw>
<kw name="Log To Console" library="BuiltIn">
<doc>Logs the given message to the console.</doc>
<arguments>
<arg>${dev_Count}</arg>
</arguments>
<status status="PASS" starttime="20210116 12:24:45.974" endtime="20210116 12:24:45.975"></status>
</kw>
<kw name="Log To Console" library="BuiltIn">
<doc>Logs the given message to the console.</doc>
<arguments>
<arg>Step5</arg>
</arguments>
<status status="PASS" starttime="20210116 12:24:45.975" endtime="20210116 12:24:45.975"></status>
</kw>
<status status="PASS" starttime="20210116 12:24:34.466" endtime="20210116 12:24:45.975"></status>
</kw>
<kw name="Click on device and add to cart" library="testinstructions">
<kw name="Select Window" library="SeleniumLibrary">
<doc>DEPRECATED in SeleniumLibrary 4.0. , use `Switch Window` instead.</doc>
<arguments>
<arg>${Expected_Site_Name}</arg>
</arguments>
<status status="PASS" starttime="20210116 12:24:45.976" endtime="20210116 12:24:48.713"></status>
</kw>
<kw name="Click Element" library="SeleniumLibrary">
<doc>Click the element identified by ``locator``.</doc>
<arguments>
<arg>xpath=//button[@class='_2KpZ6l _2U9uOA _3v1-ww']</arg>
</arguments>
<msg timestamp="20210116 12:24:48.714" level="INFO">Clicking element 'xpath=//button[@class='_2KpZ6l _2U9uOA _3v1-ww']'.</msg>
<status status="PASS" starttime="20210116 12:24:48.714" endtime="20210116 12:24:48.781"></status>
</kw>
<kw name="Sleep" library="BuiltIn">
<doc>Pauses the test executed for the given time.</doc>
<arguments>
<arg>5s</arg>
</arguments>
<msg timestamp="20210116 12:24:53.783" level="INFO">Slept 5 seconds</msg>
<status status="PASS" starttime="20210116 12:24:48.781" endtime="20210116 12:24:53.783"></status>
</kw>
<kw name="Log To Console" library="BuiltIn">
<doc>Logs the given message to the console.</doc>
<arguments>
<arg>Step6</arg>
</arguments>
<status status="PASS" starttime="20210116 12:24:53.783" endtime="20210116 12:24:53.784"></status>
</kw>
<status status="PASS" starttime="20210116 12:24:45.976" endtime="20210116 12:24:53.784"></status>
</kw>
<status status="PASS" starttime="20210116 12:24:30.575" endtime="20210116 12:24:53.784" critical="yes"></status>
</test>
<test id="s1-t3" name="Scenario 2: Verifying if the added item is available in the Cart">
<kw name="Verify expected item in the Cart" library="testinstructions">
<kw name="Click Element" library="SeleniumLibrary">
<doc>Click the element identified by ``locator``.</doc>
<arguments>
<arg>xpath=//img[@class='_2xm1JU']</arg>
</arguments>
<msg timestamp="20210116 12:24:53.799" level="INFO">Clicking element 'xpath=//img[@class='_2xm1JU']'.</msg>
<status status="PASS" starttime="20210116 12:24:53.799" endtime="20210116 12:24:53.884"></status>
</kw>
<kw name="Sleep" library="BuiltIn">
<doc>Pauses the test executed for the given time.</doc>
<arguments>
<arg>2s</arg>
</arguments>
<msg timestamp="20210116 12:24:55.884" level="INFO">Slept 2 seconds</msg>
<status status="PASS" starttime="20210116 12:24:53.884" endtime="20210116 12:24:55.884"></status>
</kw>
<kw name="Click Element" library="SeleniumLibrary">
<doc>Click the element identified by ``locator``.</doc>
<arguments>
<arg>xpath=//div[@class='_2Xfa2_']/div[5]</arg>
</arguments>
<msg timestamp="20210116 12:24:55.886" level="INFO">Clicking element 'xpath=//div[@class='_2Xfa2_']/div[5]'.</msg>
<status status="PASS" starttime="20210116 12:24:55.885" endtime="20210116 12:24:55.999"></status>
</kw>
<kw name="Sleep" library="BuiltIn">
<doc>Pauses the test executed for the given time.</doc>
<arguments>
<arg>3s</arg>
</arguments>
<msg timestamp="20210116 12:24:59.001" level="INFO">Slept 3 seconds</msg>
<status status="PASS" starttime="20210116 12:24:55.999" endtime="20210116 12:24:59.001"></status>
</kw>
<kw name="Get Text" library="SeleniumLibrary">
<doc>Returns the text value of the element identified by ``locator``.</doc>
<arguments>
<arg>xpath=//div[@class='_2nQDXZ']/div[1]/div/a</arg>
</arguments>
<assign>
<var>${item_name}</var>
</assign>
<msg timestamp="20210116 12:24:59.024" level="INFO">${item_name} = Apple iPhone SE (White, 128 GB)</msg>
<status status="PASS" starttime="20210116 12:24:59.001" endtime="20210116 12:24:59.024"></status>
</kw>
<kw name="Run Keyword If" library="BuiltIn">
<doc>Runs the given keyword with the given arguments, if ``condition`` is true.</doc>
<arguments>
<arg>"${device_Name}" == "${item_name}"</arg>
<arg>Close Browser</arg>
</arguments>
<kw name="Close Browser" library="SeleniumLibrary">
<doc>Closes the current browser.</doc>
<status status="PASS" starttime="20210116 12:24:59.025" endtime="20210116 12:25:01.269"></status>
</kw>
<status status="PASS" starttime="20210116 12:24:59.024" endtime="20210116 12:25:01.269"></status>
</kw>
<kw name="Log To Console" library="BuiltIn">
<doc>Logs the given message to the console.</doc>
<arguments>
<arg>${item_name}</arg>
</arguments>
<status status="PASS" starttime="20210116 12:25:01.269" endtime="20210116 12:25:01.271"></status>
</kw>
<kw name="Log To Console" library="BuiltIn">
<doc>Logs the given message to the console.</doc>
<arguments>
<arg>Step7</arg>
</arguments>
<status status="PASS" starttime="20210116 12:25:01.272" endtime="20210116 12:25:01.297"></status>
</kw>
<status status="PASS" starttime="20210116 12:24:53.798" endtime="20210116 12:25:01.299"></status>
</kw>
<status status="PASS" starttime="20210116 12:24:53.797" endtime="20210116 12:25:01.301" critical="yes"></status>
</test>
<status status="PASS" starttime="20210116 12:24:17.899" endtime="20210116 12:25:01.311"></status>
</suite>
<statistics>
<total>
<stat pass="3" fail="0">Critical Tests</stat>
<stat pass="3" fail="0">All Tests</stat>
</total>
<tag>
<stat pass="1" fail="0">sanity</stat>
</tag>
<suite>
<stat pass="3" fail="0" id="s1" name="TestCases">TestCases</stat>
</suite>
</statistics>
<errors>
</errors>
</robot>
